<html>
<body>
<pre>
<h1>µVision Build Log</h1>
<h2>Tool Versions:</h2>
IDE-Version: µVision V5.24.2.0
Copyright (C) 2017 ARM Ltd and ARM Germany GmbH. All rights reserved.
License Information: Frederik Snedevind, Jeros A/S, LIC=----
 
Tool Versions:
Toolchain:       MDK-Lite  Version: 5.24.1
Toolchain Path:  C:\Keil_v5\ARM\ARMCC\Bin
C Compiler:      Armcc.exe V5.06 update 5 (build 528)
Assembler:       Armasm.exe V5.06 update 5 (build 528)
Linker/Locator:  ArmLink.exe V5.06 update 5 (build 528)
Library Manager: ArmAr.exe V5.06 update 5 (build 528)
Hex Converter:   FromElf.exe V5.06 update 5 (build 528)
CPU DLL:         
Dialog DLL:      DCM.DLL V1.16.0.0
Target DLL:      CMSIS_AGDI.dll V1.28.3.0
Dialog DLL:      TCM.DLL V1.32.0.0
 
<h2>Project:</h2>
C:\Users\frs\Documents\GitHubR\CWM-Repository\mbed_blinky.uvprojx
Project File Date:  03/28/2018

<h2>Output:</h2>
*** Using Compiler 'V5.06 update 5 (build 528)', folder: 'C:\Keil_v5\ARM\ARMCC\Bin'
Rebuild target 'CWM18_Controller'
compiling utilities.c...
compiling UART_control.c...
UART_control.c(234): warning:  #940-D: missing return statement at end of non-void function "yUART_RxReady" 
  }
UART_control.c(255): warning:  #111-D: statement is unreachable
  =======
UART_control.c(255): error:  #29: expected an expression
  =======
UART_control.c(260): error:  #29: expected an expression
  >>>>>>> sandbox
UART_control.c(261): error:  #65: expected a ";"
  }
UART_control.c(374): error:  #29: expected an expression
  >>>>>>> sandbox
UART_control.c(405): warning:  #12-D: parsing restarts here after previous syntax error
  					USERNAME_MATCHED = vCheckUsernames(  input_buffer , inputs );
UART_control.c(442): error:  #127: expected a statement
  					else if ( yKeyHit (CHAR_ENTER , receive ) && inputs > 0) {
UART_control.c(463): warning:  #12-D: parsing restarts here after previous syntax error
  					vTaskDelay(10);
UART_control.c(469): error:  #2706: case label value has already appeared in this switch at line 424
  				case 
artState_FindPass : 
UART_control.c(563): error:  #65: expected a ";"
  void tUART_TxTask( void *param ) { 
UART_control.c(587): warning:  #12-D: parsing restarts here after previous syntax error
  			nUART_TxChar(receive);
UART_control.c(589): warning:  #111-D: statement is unreachable
  		vTaskDelay(10); 
UART_control.c(358): warning:  #550-D: variable "OutedUserMsg"  was set but never used
  	static uint8_t OutedUserMsg 		= 0;
UART_control.c(360): warning:  #177-D: variable "OutedFunctionMsg"  was declared but never referenced
  	static uint8_t OutedFunctionMsg = 0;
UART_control.c(591): error:  #169: expected a declaration
  }
UART_control.c(621): warning:  #12-D: parsing restarts here after previous syntax error
  			KeywordMatched = i;
UART_control.c(622): error:  #169: expected a declaration
  	}
UART_control.c(624): error:  #169: expected a declaration
  }
UART_control.c(649): warning:  #12-D: parsing restarts here after previous syntax error
  				UserMatched = i;
UART_control.c(650): error:  #169: expected a declaration
  	}
UART_control.c(652): error:  #169: expected a declaration
  }
UART_control.c(673): warning: At end of source:  #12-D: parsing restarts here after previous syntax error
UART_control.c(57): warning:  #550-D: variable "OutedStatusMsg"  was set but never used
  static uint8_t OutedStatusMsg = 0;
UART_control.c: 12 warnings, 13 errors
compiling pwm_setup.c...
compiling systick.c...
compiling ADC_control.c...
compiling GPIO_setup.c...
compiling LED_control.c...
compiling main.cpp...
compiling port.c...
compiling list.c...
compiling croutine.c...
compiling event_groups.c...
compiling queue.c...
compiling timers.c...
compiling heap_2.c...
compiling tasks.c...
".\BUILD\CWMW18_Controller_001.axf" - 12 Error(s), 12 Warning(s).

<h2>Software Packages used:</h2>

Package Vendor: Keil
                http://www.keil.com/pack/Keil.LPC1700_DFP.2.4.0.pack
                Keil.LPC1700_DFP.2.4.0
                NXP LPC1700 Series Device Support, Drivers and Examples for MCB1700 and LPC1788-32

<h2>Collection of Component include folders:</h2>
  .\RTE\_CWM18_Controller
  C:\Keil_v5\ARM\PACK\Keil\LPC1700_DFP\2.4.0\Device\Include

<h2>Collection of Component Files used:</h2>
Target not created.
Build Time Elapsed:  00:00:01
</pre>
</body>
</html>
